2021-08-10 23:10:35,599-Wikiart_scraping- INFO  | Get attribut Style exception sea-view
2021-08-10 23:10:35,603-Wikiart_scraping- INFO  | Get attribut Genre exception sea-view
2021-08-10 23:12:59,987-Wikiart_scraping- INFO  | Get attribut Date exception the-sun-rising-through-vapour
2021-08-10 23:13:04,590-Wikiart_scraping- INFO  | Get attribut Date exception a-windy-day
2021-08-10 23:13:13,725-Wikiart_scraping- INFO  | Get attribut Date exception the-grand-canal-venice-with-gondolas-and-figures-in-the-foreground
2021-08-10 23:13:18,668-Wikiart_scraping- INFO  | Get attribut Date exception sunset
2021-08-10 23:13:23,012-Wikiart_scraping- INFO  | Get attribut Date exception a-bed-drapery-study
2021-08-10 23:13:28,423-Wikiart_scraping- INFO  | Get attribut Date exception a-canal-tunnel-near-leeds
2021-08-10 23:13:33,211-Wikiart_scraping- INFO  | Get attribut Date exception abergavenny-bridge-monmountshire-clearing-up-after-a-showery-day
2021-08-10 23:13:33,391-Wikiart_scraping- INFO  | Get attribut Style exception fishermen-at-sea-0
2021-08-10 23:13:33,395-Wikiart_scraping- INFO  | Get attribut Genre exception fishermen-at-sea-0
2021-08-10 23:13:35,221-Wikiart_scraping- INFO  | Get attribut Date exception atelier
2021-08-10 23:13:38,324-Wikiart_scraping- INFO  | Get attribut Date exception boscastle-cornwall
2021-08-10 23:13:39,941-Wikiart_scraping- INFO  | Get attribut Date exception the-devil-s-bridge-st-gothard
2021-08-10 23:13:40,656-Wikiart_scraping- INFO  | Get attribut Date exception lancaster-sands
2021-08-10 23:13:42,023-Wikiart_scraping- INFO  | Get attribut Date exception conway-castle
2021-08-10 23:13:45,372-Wikiart_scraping- INFO  | Get attribut Date exception the-exile-and-the-snail
2021-08-10 23:13:46,606-Wikiart_scraping- INFO  | Get attribut Date exception melrose-abbey
2021-08-10 23:13:47,729-Wikiart_scraping- INFO  | Get attribut Date exception departure-of-the-fleet
2021-08-10 23:13:48,828-Wikiart_scraping- INFO  | Get attribut Date exception mont-blanc-from-fort-roch-val-d-aosta
2021-08-10 23:13:51,503-Wikiart_scraping- INFO  | Get attribut Date exception mountain-stream-coniston
2021-08-10 23:13:51,851-Wikiart_scraping- INFO  | Get attribut Date exception the-grand-canal-scene-a-street-in-venice
2021-08-10 23:13:54,722-Wikiart_scraping- INFO  | Get attribut Date exception old-london-brige
2021-08-10 23:13:55,323-Wikiart_scraping- INFO  | Get attribut Date exception the-grand-canal-venice-engraved-by-william-miller
2021-08-10 23:13:55,499-Wikiart_scraping- INFO  | Get attribut Date exception dover-castle
2021-08-10 23:13:57,263-Wikiart_scraping- INFO  | Get attribut Date exception falmouth-harbour-cornwall
2021-08-10 23:13:57,677-Wikiart_scraping- INFO  | Get attribut Date exception one-bedroom
2021-08-10 23:14:02,560-Wikiart_scraping- INFO  | Get attribut Date exception the-nordgalerie
2021-08-10 23:14:02,567-Wikiart_scraping- INFO  | Get attribut Date exception painter-at-the-easel
2021-08-10 23:14:03,541-Wikiart_scraping- INFO  | Get attribut Date exception folkestone-from-the-sea
2021-08-10 23:14:06,569-Wikiart_scraping- INFO  | Get attribut Date exception passage-of-mount-cenis
2021-08-10 23:14:08,921-Wikiart_scraping- INFO  | Get attribut Date exception genda
2021-08-10 23:14:11,409-Wikiart_scraping- INFO  | Get attribut Date exception totnes-in-the-river-dart
2021-08-10 23:14:13,013-Wikiart_scraping- INFO  | Get attribut Date exception portsmouth
2021-08-10 23:14:16,886-Wikiart_scraping- INFO  | Get attribut Date exception transept-of-ewenny-priory-glamorganshire
2021-08-10 23:14:17,607-Wikiart_scraping- INFO  | Get attribut Date exception ingleborough-from-the-terrace-of-hornby-castle
2021-08-10 23:14:20,779-Wikiart_scraping- INFO  | Get attribut Date exception rainbow
2021-08-10 23:14:22,577-Wikiart_scraping- INFO  | Get attribut Date exception interior-of-fountains-abbey-yorkshire
2021-08-10 23:14:23,389-Wikiart_scraping- INFO  | Get attribut Date exception valley-of-the-brook-kedron
2021-08-10 23:14:23,957-Wikiart_scraping- INFO  | Get attribut Date exception rome-from-monte-testaccio
2021-08-10 23:14:25,398-Wikiart_scraping- INFO  | Get attribut Date exception ivy-bridge-devonshire
2021-08-10 23:14:29,431-Wikiart_scraping- INFO  | Get attribut Date exception venedig
2021-08-10 23:14:30,606-Wikiart_scraping- INFO  | Get attribut Date exception keyes-mill
2021-08-10 23:14:30,698-Wikiart_scraping- INFO  | Get attribut Date exception salon
2021-08-10 23:14:32,178-Wikiart_scraping- INFO  | Get attribut Date exception view-of-saint-germain-ea-laye-and-its-chateau
2021-08-10 23:14:35,610-Wikiart_scraping- INFO  | Get attribut Date exception salon-1
2021-08-10 23:14:37,052-Wikiart_scraping- INFO  | Get attribut Date exception welsh-bridge-at-shrewsbury
2021-08-10 23:14:37,275-Wikiart_scraping- INFO  | Get attribut Date exception kidwelly-castle
2021-08-10 23:14:38,703-Wikiart_scraping- INFO  | Get attribut Date exception kilchern-castle-with-the-cruchan-ben-mountains-scotland-noon
2021-08-10 23:14:39,973-Wikiart_scraping- INFO  | Get attribut Date exception shipwreck
2021-08-10 23:14:41,342-Wikiart_scraping- INFO  | Get attribut Date exception weymouth
2021-08-10 23:14:45,265-Wikiart_scraping- INFO  | Get attribut Date exception whitby
2021-08-10 23:14:45,676-Wikiart_scraping- INFO  | Get attribut Date exception st-erasmus-in-bishop-islips-chapel-westminster-abbey
2021-08-10 23:14:49,437-Wikiart_scraping- INFO  | Get attribut Date exception wilderness-a-engedi-convent-of-santa-saba
2021-08-10 23:14:52,175-Wikiart_scraping- INFO  | Get attribut Date exception stamford
2021-08-10 23:14:56,769-Wikiart_scraping- INFO  | Get attribut Date exception sunrise-whiting-fishing-at-margate
2021-08-10 23:15:01,461-Wikiart_scraping- INFO  | Get attribut Date exception tabley-the-seat-of-sir-j-f-leicester-bt-windy-day
2021-08-10 23:15:08,482-Wikiart_scraping- INFO  | Get attribut Date exception the-battle-of-trafalgar
2021-08-10 23:15:14,407-Wikiart_scraping- INFO  | Get attribut Date exception the-chapter-house-salisbury-chathedral
2021-08-10 23:16:49,492-Wikiart_scraping- INFO  | Get attribut Style exception prometheuslandschaft-1885
2021-08-10 23:16:49,496-Wikiart_scraping- INFO  | Get attribut Genre exception prometheuslandschaft-1885
2021-08-10 23:17:18,451-Wikiart_scraping- INFO  | Get attribut Date exception arable-land-corridors-in-the-early-spring
2021-08-10 23:17:22,747-Wikiart_scraping- INFO  | Get attribut Date exception assassin-pursued-by-furies
2021-08-10 23:17:29,412-Wikiart_scraping- INFO  | Get attribut Date exception autumn-thoughts
2021-08-10 23:17:35,466-Wikiart_scraping- INFO  | Get attribut Date exception centaur-and-nymph
2021-08-10 23:17:37,435-Wikiart_scraping- INFO  | Get attribut Date exception dragon-walking-between-rocks
2021-08-10 23:17:42,566-Wikiart_scraping- INFO  | Get attribut Date exception fighting-on-a-bridge
2021-08-10 23:17:44,489-Wikiart_scraping- INFO  | Get attribut Date exception medusa
2021-08-10 23:17:47,544-Wikiart_scraping- INFO  | Get attribut Date exception fighting-on-a-bridge-0
2021-08-10 23:17:52,279-Wikiart_scraping- INFO  | Get attribut Date exception melancholia
2021-08-10 23:17:55,538-Wikiart_scraping- INFO  | Get attribut Date exception fir-trees-at-sunset
2021-08-10 23:17:57,189-Wikiart_scraping- INFO  | Get attribut Date exception melancholy
2021-08-10 23:17:58,190-Wikiart_scraping- INFO  | Get attribut Date exception nymph-by-the-fountain
2021-08-10 23:17:58,676-Wikiart_scraping- INFO  | Get attribut Date exception abandoned-venus
2021-08-10 23:18:00,098-Wikiart_scraping- INFO  | Get attribut Date exception hymn-to-spring
2021-08-10 23:18:03,019-Wikiart_scraping- INFO  | Get attribut Date exception self-portrait
2021-08-10 23:18:05,819-Wikiart_scraping- INFO  | Get attribut Date exception pan-frightening-a-shepherd
2021-08-10 23:18:06,886-Wikiart_scraping- INFO  | Get attribut Date exception look-any-laughs-to-the-plains
2021-08-10 23:18:09,722-Wikiart_scraping- INFO  | Get attribut Date exception pan-frightening-a-shepherd-0
2021-08-10 23:18:10,882-Wikiart_scraping- INFO  | Get attribut Date exception soldiers-amount-towards-a-mountain-fortress
2021-08-10 23:18:10,982-Wikiart_scraping- INFO  | Get attribut Date exception march-of-the-goths
2021-08-10 23:18:14,492-Wikiart_scraping- INFO  | Get attribut Date exception spring-night
2021-08-10 23:18:16,527-Wikiart_scraping- INFO  | Get attribut Date exception petrarch-by-the-fountain-of-vaucluse
2021-08-10 23:18:19,854-Wikiart_scraping- INFO  | Get attribut Date exception triton-and-nereid
2021-08-10 23:18:22,743-Wikiart_scraping- INFO  | Get attribut Date exception syrinx-fleeing-from-the-onslaught-of-pan
2021-08-10 23:18:22,900-Wikiart_scraping- INFO  | Get attribut Date exception venus-genitrix
2021-08-10 23:18:24,352-Wikiart_scraping- INFO  | Get attribut Date exception portrait-of-angela-bocklin-as-muse
2021-08-10 23:18:26,090-Wikiart_scraping- INFO  | Get attribut Date exception the-moorish-cavaliers
2021-08-10 23:18:28,839-Wikiart_scraping- INFO  | Get attribut Date exception portrait-of-angela-bocklin-in-red-fishnet
2021-08-10 23:18:35,164-Wikiart_scraping- INFO  | Get attribut Date exception the-rest-on-the-flight-into-egypt
2021-08-10 23:18:36,651-Wikiart_scraping- INFO  | Get attribut Date exception portrait-of-clara-bruckmann-bocklin
2021-08-10 23:18:41,378-Wikiart_scraping- INFO  | Get attribut Date exception portrait-of-the-singer-karl-wallenreiter
2021-08-10 23:18:42,846-Wikiart_scraping- INFO  | Get attribut Date exception the-ride-of-death-the-fall-and-death
2021-08-10 23:18:48,766-Wikiart_scraping- INFO  | Get attribut Date exception the-sea
2021-08-10 23:18:54,075-Wikiart_scraping- INFO  | Get attribut Date exception the-spring-of-love
2021-08-10 23:18:58,730-Wikiart_scraping- INFO  | Get attribut Date exception the-volcano
2021-08-10 23:19:02,533-Wikiart_scraping- INFO  | Get attribut Date exception the-wake-up-spring
